Arguments: 
  /usr/local/bin/node /usr/local/Cellar/yarn/1.19.0/libexec/bin/yarn.js install

PATH: 
  /usr/local/bin:/usr/bin:/bin:/usr/sbin:/sbin:/usr/local/share/dotnet:~/.dotnet/tools:/usr/local/go/bin:/Library/Frameworks/Mono.framework/Versions/Current/Commands:/Users/pez/.composer/vendor/bin:/usr/local/opt/ruby/bin:/usr/local/lib/ruby/gems/2.6.0/bin:/Users/pez/.rbenv/shims:/Users/pez/.cargo/bin

Yarn version: 
  1.19.0

Node version: 
  12.16.3

Platform: 
  darwin x64

Trace: 
  SyntaxError: /Users/pez/code/xflash/dapp/package.json: Unexpected token } in JSON at position 358
      at JSON.parse (<anonymous>)
      at /usr/local/Cellar/yarn/1.19.0/libexec/lib/cli.js:1625:59
      at Generator.next (<anonymous>)
      at step (/usr/local/Cellar/yarn/1.19.0/libexec/lib/cli.js:304:30)
      at /usr/local/Cellar/yarn/1.19.0/libexec/lib/cli.js:315:13

npm manifest: 
  {
      "name": "xflash-ui",
      "version": "0.1.0",
      "private": true,
      "dependencies": {
          "@web3-react/core": "^6.0.9",
          "bootstrap": "^4.4.1",
          "node-sass": "^4.14.1",
          "react": "^16.13.1",
          "react-bootstrap": "^1.0.1",
          "react-dom": "^16.13.1",
          "react-scripts": "3.4.1",
          "web3": "^1.2.7",
      },
      "scripts": {
          "start": "react-scripts start",
          "build": "react-scripts build",
          "test": "react-scripts test",
          "eject": "react-scripts eject"
      },
      "eslintConfig": {
          "extends": "react-app"
      },
      "browserslist": {
          "production": [
              ">0.2%",
              "not dead",
              "not op_mini all"
          ],
          "development": [
              "last 1 chrome version",
              "last 1 firefox version",
              "last 1 safari version"
          ]
      }
  }

yarn manifest: 
  No manifest

Lockfile: 
  No lockfile
